<?xml version="1.0" encoding="UTF-8"?>
<testng-results ignored="0" total="2" passed="2" failed="0" skipped="0">
  <reporter-output>
  </reporter-output>
  <suite started-at="2024-03-01T12:02:33 IST" name="Suite" finished-at="2024-03-01T12:02:51 IST" duration-ms="17670">
    <groups>
    </groups>
    <test started-at="2024-03-01T12:02:33 IST" name="Test" finished-at="2024-03-01T12:02:51 IST" duration-ms="17670">
      <class name="com.tmb.tests.OrangeHRMTests">
        <test-method is-config="true" signature="beforeSuite()[pri:0, instance:com.tmb.tests.OrangeHRMTests@82de64a]" started-at="2024-03-01T12:02:33 IST" name="beforeSuite" finished-at="2024-03-01T12:02:33 IST" duration-ms="7" status="PASS">
          <reporter-output>
          </reporter-output>
        </test-method> <!-- beforeSuite -->
        <test-method is-config="true" signature="setUp([Ljava.lang.Object;)[pri:0, instance:com.tmb.tests.OrangeHRMTests@82de64a]" started-at="2024-03-01T12:02:34 IST" name="setUp" finished-at="2024-03-01T12:02:46 IST" duration-ms="12144" status="PASS">
          <params>
            <param index="0">
              <value>
                <![CDATA[[Ljava.lang.Object;@1816e24a]]>
              </value>
            </param>
          </params>
          <reporter-output>
          </reporter-output>
        </test-method> <!-- setUp -->
        <test-method is-config="true" signature="setUp([Ljava.lang.Object;)[pri:0, instance:com.tmb.tests.OrangeHRMTests@82de64a]" started-at="2024-03-01T12:02:34 IST" name="setUp" finished-at="2024-03-01T12:02:42 IST" duration-ms="7952" status="PASS">
          <params>
            <param index="0">
              <value>
                <![CDATA[[Ljava.lang.Object;@6940f685]]>
              </value>
            </param>
          </params>
          <reporter-output>
          </reporter-output>
        </test-method> <!-- setUp -->
        <test-method signature="loginLogoutTest(java.util.Map)[pri:0, instance:com.tmb.tests.OrangeHRMTests@82de64a]" started-at="2024-03-01T12:02:42 IST" name="loginLogoutTest" description="to check whether the user can successfully login and logout" data-provider="getData" finished-at="2024-03-01T12:02:46 IST" duration-ms="4306" status="PASS">
          <params>
            <param index="0">
              <value>
                <![CDATA[{fname=amuthan, password=admin123, browser=chrome, testname=loginLogoutTest, execute=yes, username=Admin, menuText=}]]>
              </value>
            </param>
          </params>
          <reporter-output>
          </reporter-output>
        </test-method> <!-- loginLogoutTest -->
        <test-method signature="loginLogoutTest(java.util.Map)[pri:0, instance:com.tmb.tests.OrangeHRMTests@82de64a]" started-at="2024-03-01T12:02:46 IST" name="loginLogoutTest" description="to check whether the user can successfully login and logout" data-provider="getData" finished-at="2024-03-01T12:02:50 IST" duration-ms="3767" status="PASS">
          <params>
            <param index="0">
              <value>
                <![CDATA[{fname=testing mini bytes, password=admin123, browser=firefox, testname=loginLogoutTest, execute=yes, username=Admin, menuText=}]]>
              </value>
            </param>
          </params>
          <reporter-output>
          </reporter-output>
        </test-method> <!-- loginLogoutTest -->
        <test-method is-config="true" signature="tearDown()[pri:0, instance:com.tmb.tests.OrangeHRMTests@82de64a]" started-at="2024-03-01T12:02:46 IST" name="tearDown" finished-at="2024-03-01T12:02:46 IST" duration-ms="195" status="PASS">
          <reporter-output>
          </reporter-output>
        </test-method> <!-- tearDown -->
        <test-method is-config="true" signature="tearDown()[pri:0, instance:com.tmb.tests.OrangeHRMTests@82de64a]" started-at="2024-03-01T12:02:50 IST" name="tearDown" finished-at="2024-03-01T12:02:51 IST" duration-ms="996" status="PASS">
          <reporter-output>
          </reporter-output>
        </test-method> <!-- tearDown -->
        <test-method is-config="true" signature="afterSuite()[pri:0, instance:com.tmb.tests.OrangeHRMTests@82de64a]" started-at="2024-03-01T12:02:51 IST" name="afterSuite" finished-at="2024-03-01T12:02:51 IST" duration-ms="0" status="PASS">
          <reporter-output>
          </reporter-output>
        </test-method> <!-- afterSuite -->
      </class> <!-- com.tmb.tests.OrangeHRMTests -->
    </test> <!-- Test -->
  </suite> <!-- Suite -->
</testng-results>
